<?xml version="1.0" encoding="UTF-8"?>
<testsuite xmlns:xsi="http://www.w3.org/2001/XMLSchema-instance" xsi:noNamespaceSchemaLocation="https://maven.apache.org/surefire/maven-surefire-plugin/xsd/surefire-test-report-3.0.xsd" version="3.0" name="TrenesSubterraneosTest" time="0.308" tests="4" errors="0" skipped="0" failures="0">
  <properties>
[...]
</properties>
  <testcase name="testAltaTren" classname="TrenesSubterraneosTest" time="0.286"/>
  <testcase name="testAltaTramoDeRieles" classname="TrenesSubterraneosTest" time="0.005"/>
  <testcase name="testBajaTramoDeRieles" classname="TrenesSubterraneosTest" time="0.004"/>
  <testcase name="testCaminoMenosEstaciones" classname="TrenesSubterraneosTest" time="0.004"/>
</testsuite>